#
# A fatal error has been detected by the Java Runtime Environment:
#
#  EXCEPTION_ILLEGAL_INSTRUCTION (0xc000001d) at pc=0x000007fee9db5c01, pid=4564, tid=0x00000000000015ac
#
# JRE version: Java(TM) SE Runtime Environment (8.0_111-b14) (build 1.8.0_111-b14)
# Java VM: Java HotSpot(TM) 64-Bit Server VM (25.111-b14 mixed mode windows-amd64 compressed oops)
# Problematic frame:
# C  [msvcr120.dll+0x95c01]
#
# Failed to write core dump. Minidumps are not enabled by default on client versions of Windows
#
# If you would like to submit a bug report, please visit:
#   http://bugreport.java.com/bugreport/crash.jsp
# The crash happened outside the Java Virtual Machine in native code.
# See problematic frame for where to report the bug.
#

---------------  T H R E A D  ---------------

Current thread (0x000000005667c000):  JavaThread "QuantumRenderer-0" daemon [_thread_in_native, id=5548, stack(0x0000000057100000,0x0000000057200000)]

siginfo: ExceptionCode=0xc000001d

Registers:
RAX=0x3f60000000000000, RBX=0x0000000000000004, RCX=0x3f69cb7ba3e3157e, RDX=0x7ff0000000000000
RSP=0x00000000571fc230, RBP=0x00000000571fca60, RSI=0x00000000571fca60, RDI=0x0000000000000004
R8 =0x8000000000000000, R9 =0x000000006248d1f0, R10=0x000000000000000c, R11=0x000000000000001b
R12=0x000000006248d1f0, R13=0x000000006248d050, R14=0x00000000ecc77f7c, R15=0x0000000000000004
RIP=0x000007fee9db5c01, EFLAGS=0x0000000000010202

Top of Stack: (sp=0x00000000571fc230)
0x00000000571fc230:   0000000000000000 00000000002b0230
0x00000000571fc240:   00000000002b0230 000000005fb90080
0x00000000571fc250:   0000000058ec4eb2 0000000000000010
0x00000000571fc260:   0000000000000000 00000000002b0158
0x00000000571fc270:   0000000077657288 00000000002b4a30
0x00000000571fc280:   0000000000000060 0000000001f30000
0x00000000571fc290:   0000000000000001 0000000058e90000
0x00000000571fc2a0:   00000000571fc501 00000000002b0230
0x00000000571fc2b0:   3facbafae8ca0768 0000000000000000
0x00000000571fc2c0:   bfacbaf9218df8e4 0000000000000000
0x00000000571fc2d0:   0000000000376560 00000000002b0230
0x00000000571fc2e0:   0000000000000000 0000000000000009
0x00000000571fc2f0:   000000006248c3f0 0000000062483318
0x00000000571fc300:   3f69cb7ba3e3157e 3f69cb7ba3e3157e
0x00000000571fc310:   3facbafae8ca0768 0000000058f7e820
0x00000000571fc320:   0000000000000000 0000000000000032 

Instructions: (pc=0x000007fee9db5c01)
0x000007fee9db5be1:   0f 10 d0 f2 0f 10 44 24 10 f2 0f 10 4c 24 20 44
0x000007fee9db5bf1:   8b 0d 15 26 02 00 e8 34 c7 00 00 e9 72 f8 ff ff
0x000007fee9db5c01:   c5 fb 11 44 24 10 c5 fb 11 4c 24 20 48 8b 54 24
0x000007fee9db5c11:   10 4c 8b 44 24 20 4c 8b 15 4a 26 02 00 4d 23 d0 


Register to memory mapping:

RAX=0x3f60000000000000 is an unknown value
RBX=0x0000000000000004 is an unknown value
RCX=0x3f69cb7ba3e3157e is an unknown value
RDX=0x7ff0000000000000 is an unknown value
RSP=0x00000000571fc230 is pointing into the stack for thread: 0x000000005667c000
RBP=0x00000000571fca60 is pointing into the stack for thread: 0x000000005667c000
RSI=0x00000000571fca60 is pointing into the stack for thread: 0x000000005667c000
RDI=0x0000000000000004 is an unknown value
R8 =0x8000000000000000 is an unknown value
R9 =0x000000006248d1f0 is an unknown value
R10=0x000000000000000c is an unknown value
R11=0x000000000000001b is an unknown value
R12=0x000000006248d1f0 is an unknown value
R13=0x000000006248d050 is an unknown value
R14=0x00000000ecc77f7c is an unknown value
R15=0x0000000000000004 is an unknown value


Stack: [0x0000000057100000,0x0000000057200000],  sp=0x00000000571fc230,  free space=1008k
Native frames: (J=compiled Java code, j=interpreted, Vv=VM code, C=native code)
C  [msvcr120.dll+0x95c01]
C  [prism_common.dll+0x3318]
C  [prism_common.dll+0x1abc]
C  [prism_common.dll+0x1128]
C  [prism_common.dll+0x8b7e]
C  [prism_common.dll+0x669e]
C  [prism_common.dll+0x49af]
C  [prism_common.dll+0x4649]
C  0x0000000002477994

Java frames: (J=compiled Java code, j=interpreted, Vv=VM code)
j  com.sun.prism.impl.shape.NativePiscesRasterizer.produceStrokeAlphas([F[BIFIIF[FFDDDDDD[I[B)V+0
J 3588 C1 com.sun.prism.impl.shape.NativePiscesRasterizer.getMaskData(Lcom/sun/javafx/geom/Shape;Lcom/sun/prism/BasicStroke;Lcom/sun/javafx/geom/RectBounds;Lcom/sun/javafx/geom/transform/BaseTransform;ZZ)Lcom/sun/prism/impl/shape/MaskData; (621 bytes) @ 0x0000000002f0ae94 [0x0000000002f08a60+0x2434]
J 3551 C1 com.sun.prism.impl.ps.BaseShaderGraphics.renderShape(Lcom/sun/javafx/geom/Shape;Lcom/sun/prism/BasicStroke;FFFF)V (255 bytes) @ 0x0000000002ee0034 [0x0000000002edfd20+0x314]
j  com.sun.prism.impl.BaseGraphics.draw(Lcom/sun/javafx/geom/Shape;)V+136
j  com.sun.prism.impl.ps.CachingShapeRepState.drawNoCache(Lcom/sun/prism/Graphics;Lcom/sun/javafx/geom/Shape;)V+2
j  com.sun.prism.impl.ps.CachingShapeRepState.render(Lcom/sun/prism/Graphics;Lcom/sun/javafx/geom/Shape;Lcom/sun/javafx/geom/RectBounds;Lcom/sun/prism/BasicStroke;)V+241
j  com.sun.prism.impl.ps.CachingShapeRep.draw(Lcom/sun/prism/Graphics;Lcom/sun/javafx/geom/Shape;Lcom/sun/javafx/geom/BaseBounds;)V+31
j  com.sun.javafx.sg.prism.NGShape.renderContent2D(Lcom/sun/prism/Graphics;Z)V+144
J 3677 C2 com.sun.javafx.sg.prism.NGShape.renderContent(Lcom/sun/prism/Graphics;)V (458 bytes) @ 0x0000000002f67e2c [0x0000000002f67da0+0x8c]
j  com.sun.javafx.sg.prism.NodeEffectInput.getImageDataForBoundedNode(Lcom/sun/scenario/effect/FilterContext;Lcom/sun/javafx/sg/prism/NGNode;Lcom/sun/javafx/sg/prism/NodeEffectInput$RenderType;Lcom/sun/javafx/geom/transform/BaseTransform;Lcom/sun/javafx/geom/Rectangle;)Lcom/sun/scenario/effect/ImageData;+103
J 2954 C1 com.sun.javafx.sg.prism.NodeEffectInput.filter(Lcom/sun/scenario/effect/FilterContext;Lcom/sun/javafx/geom/transform/BaseTransform;Lcom/sun/javafx/geom/Rectangle;Ljava/lang/Object;Lcom/sun/scenario/effect/Effect;)Lcom/sun/scenario/effect/ImageData; (225 bytes) @ 0x0000000002ce7b44 [0x0000000002ce6e40+0xd04]
J 2702 C1 com.sun.scenario.effect.FilterEffect.filter(Lcom/sun/scenario/effect/FilterContext;Lcom/sun/javafx/geom/transform/BaseTransform;Lcom/sun/javafx/geom/Rectangle;Ljava/lang/Object;Lcom/sun/scenario/effect/Effect;)Lcom/sun/scenario/effect/ImageData; (265 bytes) @ 0x0000000002c28d84 [0x0000000002c282a0+0xae4]
J 3170 C1 com.sun.scenario.effect.Offset.filter(Lcom/sun/scenario/effect/FilterContext;Lcom/sun/javafx/geom/transform/BaseTransform;Lcom/sun/javafx/geom/Rectangle;Ljava/lang/Object;Lcom/sun/scenario/effect/Effect;)Lcom/sun/scenario/effect/ImageData; (39 bytes) @ 0x0000000002d8f0a4 [0x0000000002d8e720+0x984]
J 3169 C1 com.sun.scenario.effect.Merge.filter(Lcom/sun/scenario/effect/FilterContext;Lcom/sun/javafx/geom/transform/BaseTransform;Lcom/sun/javafx/geom/Rectangle;Ljava/lang/Object;Lcom/sun/scenario/effect/Effect;)Lcom/sun/scenario/effect/ImageData; (195 bytes) @ 0x0000000002d8c22c [0x0000000002d8bae0+0x74c]
J 3168 C1 com.sun.scenario.effect.DelegateEffect.filter(Lcom/sun/scenario/effect/FilterContext;Lcom/sun/javafx/geom/transform/BaseTransform;Lcom/sun/javafx/geom/Rectangle;Ljava/lang/Object;Lcom/sun/scenario/effect/Effect;)Lcom/sun/scenario/effect/ImageData; (15 bytes) @ 0x0000000002d87914 [0x0000000002d87740+0x1d4]
J 2777 C1 com.sun.scenario.effect.impl.prism.PrEffectHelper.render(Lcom/sun/scenario/effect/Effect;Lcom/sun/prism/Graphics;FFLcom/sun/scenario/effect/Effect;)V (625 bytes) @ 0x0000000002c516dc [0x0000000002c4f040+0x269c]
J 3167 C1 com.sun.javafx.sg.prism.NGNode.renderEffect(Lcom/sun/prism/Graphics;)V (9 bytes) @ 0x0000000002d8af6c [0x0000000002d8adc0+0x1ac]
J 2766 C1 com.sun.javafx.sg.prism.CacheFilter.impl_renderNodeToCache(Lcom/sun/scenario/effect/ImageData;Lcom/sun/javafx/geom/Rectangle;Lcom/sun/javafx/geom/transform/BaseTransform;Lcom/sun/javafx/geom/Rectangle;)V (188 bytes) @ 0x0000000002c4958c [0x0000000002c48340+0x124c]
J 2506 C1 com.sun.javafx.sg.prism.CacheFilter.render(Lcom/sun/prism/Graphics;)V (547 bytes) @ 0x0000000002ba5fe4 [0x0000000002ba45a0+0x1a44]
J 2855 C2 com.sun.javafx.sg.prism.NGNode.doRender(Lcom/sun/prism/Graphics;)V (473 bytes) @ 0x0000000002c95b48 [0x0000000002c954c0+0x688]
J 3596 C2 com.sun.javafx.sg.prism.NGGroup.renderContent(Lcom/sun/prism/Graphics;)V (436 bytes) @ 0x0000000002f1bcbc [0x0000000002f1bb80+0x13c]
j  com.sun.javafx.sg.prism.NGRegion.renderContent(Lcom/sun/prism/Graphics;)V+111
J 2855 C2 com.sun.javafx.sg.prism.NGNode.doRender(Lcom/sun/prism/Graphics;)V (473 bytes) @ 0x0000000002c956bc [0x0000000002c954c0+0x1fc]
J 3596 C2 com.sun.javafx.sg.prism.NGGroup.renderContent(Lcom/sun/prism/Graphics;)V (436 bytes) @ 0x0000000002f1bcbc [0x0000000002f1bb80+0x13c]
j  com.sun.javafx.sg.prism.NGRegion.renderContent(Lcom/sun/prism/Graphics;)V+111
J 2855 C2 com.sun.javafx.sg.prism.NGNode.doRender(Lcom/sun/prism/Graphics;)V (473 bytes) @ 0x0000000002c956bc [0x0000000002c954c0+0x1fc]
J 3596 C2 com.sun.javafx.sg.prism.NGGroup.renderContent(Lcom/sun/prism/Graphics;)V (436 bytes) @ 0x0000000002f1bcbc [0x0000000002f1bb80+0x13c]
j  com.sun.javafx.sg.prism.NGRegion.renderContent(Lcom/sun/prism/Graphics;)V+111
J 2855 C2 com.sun.javafx.sg.prism.NGNode.doRender(Lcom/sun/prism/Graphics;)V (473 bytes) @ 0x0000000002c956bc [0x0000000002c954c0+0x1fc]
J 3596 C2 com.sun.javafx.sg.prism.NGGroup.renderContent(Lcom/sun/prism/Graphics;)V (436 bytes) @ 0x0000000002f1bcbc [0x0000000002f1bb80+0x13c]
j  com.sun.javafx.sg.prism.NGRegion.renderContent(Lcom/sun/prism/Graphics;)V+111
J 2951 C1 com.sun.javafx.sg.prism.NGNode.renderForClip(Lcom/sun/prism/Graphics;)V (21 bytes) @ 0x0000000002ce693c [0x0000000002ce66c0+0x27c]
j  com.sun.javafx.sg.prism.NGNode.renderRectClip(Lcom/sun/prism/Graphics;Lcom/sun/javafx/sg/prism/NGRectangle;)V+106
J 3186 C1 com.sun.javafx.sg.prism.NGNode.renderClip(Lcom/sun/prism/Graphics;)V (473 bytes) @ 0x0000000002d9d374 [0x0000000002d98720+0x4c54]
J 2855 C2 com.sun.javafx.sg.prism.NGNode.doRender(Lcom/sun/prism/Graphics;)V (473 bytes) @ 0x0000000002c95b68 [0x0000000002c954c0+0x6a8]
J 3596 C2 com.sun.javafx.sg.prism.NGGroup.renderContent(Lcom/sun/prism/Graphics;)V (436 bytes) @ 0x0000000002f1bcbc [0x0000000002f1bb80+0x13c]
j  com.sun.javafx.sg.prism.NGRegion.renderContent(Lcom/sun/prism/Graphics;)V+111
J 2855 C2 com.sun.javafx.sg.prism.NGNode.doRender(Lcom/sun/prism/Graphics;)V (473 bytes) @ 0x0000000002c956bc [0x0000000002c954c0+0x1fc]
J 3596 C2 com.sun.javafx.sg.prism.NGGroup.renderContent(Lcom/sun/prism/Graphics;)V (436 bytes) @ 0x0000000002f1bcbc [0x0000000002f1bb80+0x13c]
J 3602 C2 com.sun.javafx.sg.prism.NGRegion.renderContent(Lcom/sun/prism/Graphics;)V (115 bytes) @ 0x0000000002f1da30 [0x0000000002f1d920+0x110]
J 2855 C2 com.sun.javafx.sg.prism.NGNode.doRender(Lcom/sun/prism/Graphics;)V (473 bytes) @ 0x0000000002c956bc [0x0000000002c954c0+0x1fc]
J 3263 C2 com.sun.javafx.sg.prism.NGNode.render(Lcom/sun/prism/Graphics;)V (38 bytes) @ 0x0000000002de99e4 [0x0000000002de9980+0x64]
j  com.sun.javafx.tk.quantum.ViewPainter.doPaint(Lcom/sun/prism/Graphics;Lcom/sun/javafx/sg/prism/NodePath;)V+201
j  com.sun.javafx.tk.quantum.ViewPainter.paintImpl(Lcom/sun/prism/Graphics;)V+982
j  com.sun.javafx.tk.quantum.PresentingPainter.run()V+326
j  java.util.concurrent.Executors$RunnableAdapter.call()Ljava/lang/Object;+4
j  java.util.concurrent.FutureTask.runAndReset()Z+47
J 3215 C1 com.sun.javafx.tk.RenderJob.run()V (105 bytes) @ 0x0000000002db188c [0x0000000002db1800+0x8c]
j  java.util.concurrent.ThreadPoolExecutor.runWorker(Ljava/util/concurrent/ThreadPoolExecutor$Worker;)V+95
j  java.util.concurrent.ThreadPoolExecutor$Worker.run()V+5
j  com.sun.javafx.tk.quantum.QuantumRenderer$PipelineRunnable.run()V+8
j  java.lang.Thread.run()V+11
v  ~StubRoutines::call_stub

---------------  P R O C E S S  ---------------

Java Threads: ( => current thread )
  0x000000005919c000 JavaThread "Prism Font Disposer" daemon [_thread_blocked, id=5608, stack(0x000000005e160000,0x000000005e260000)]
  0x0000000058fb1000 JavaThread "Thread-3" daemon [_thread_in_native, id=936, stack(0x0000000059940000,0x0000000059a40000)]
  0x0000000058f92800 JavaThread "JavaFX-Launcher" [_thread_blocked, id=6012, stack(0x0000000059ad0000,0x0000000059bd0000)]
  0x00000000566b0800 JavaThread "JavaFX Application Thread" [_thread_blocked, id=1260, stack(0x0000000057520000,0x0000000057620000)]
  0x00000000566ae800 JavaThread "Thread-1" daemon [_thread_blocked, id=5956, stack(0x0000000057410000,0x0000000057510000)]
=>0x000000005667c000 JavaThread "QuantumRenderer-0" daemon [_thread_in_native, id=5548, stack(0x0000000057100000,0x0000000057200000)]
  0x0000000054dcf000 JavaThread "Service Thread" daemon [_thread_blocked, id=2444, stack(0x0000000056d90000,0x0000000056e90000)]
  0x00000000562da800 JavaThread "C1 CompilerThread2" daemon [_thread_blocked, id=5236, stack(0x0000000056bc0000,0x0000000056cc0000)]
  0x00000000562d9000 JavaThread "C2 CompilerThread1" daemon [_thread_blocked, id=4712, stack(0x0000000056960000,0x0000000056a60000)]
  0x00000000562d4000 JavaThread "C2 CompilerThread0" daemon [_thread_blocked, id=1996, stack(0x0000000056830000,0x0000000056930000)]
  0x00000000562d0800 JavaThread "Attach Listener" daemon [_thread_blocked, id=1356, stack(0x0000000056700000,0x0000000056800000)]
  0x0000000054dc5800 JavaThread "Signal Dispatcher" daemon [_thread_blocked, id=4460, stack(0x0000000055df0000,0x0000000055ef0000)]
  0x0000000054dac800 JavaThread "Finalizer" daemon [_thread_blocked, id=2060, stack(0x00000000561d0000,0x00000000562d0000)]
  0x0000000054d65800 JavaThread "Reference Handler" daemon [_thread_blocked, id=5684, stack(0x00000000560a0000,0x00000000561a0000)]
  0x0000000001f3d800 JavaThread "main" [_thread_blocked, id=3208, stack(0x0000000001f70000,0x0000000002070000)]

Other Threads:
  0x0000000054d5e000 VMThread [stack: 0x0000000055f20000,0x0000000056020000] [id=4956]
  0x000000005636b000 WatcherThread [stack: 0x0000000056e90000,0x0000000056f90000] [id=5100]

VM state:not at safepoint (normal execution)

VM Mutex/Monitor currently owned by a thread: None

Heap:
 PSYoungGen      total 35328K, used 33383K [0x00000000eaf80000, 0x00000000ed480000, 0x0000000100000000)
  eden space 32768K, 94% used [0x00000000eaf80000,0x00000000ecda1da0,0x00000000ecf80000)
  from space 2560K, 98% used [0x00000000ed200000,0x00000000ed478020,0x00000000ed480000)
  to   space 2560K, 0% used [0x00000000ecf80000,0x00000000ecf80000,0x00000000ed200000)
 ParOldGen       total 44032K, used 4903K [0x00000000c0e00000, 0x00000000c3900000, 0x00000000eaf80000)
  object space 44032K, 11% used [0x00000000c0e00000,0x00000000c12c9e30,0x00000000c3900000)
 Metaspace       used 20142K, capacity 21006K, committed 21296K, reserved 1067008K
  class space    used 2882K, capacity 3077K, committed 3200K, reserved 1048576K

Card table byte_map: [0x0000000011820000,0x0000000011a20000] byte_map_base: 0x0000000011219000

Marking Bits: (ParMarkBitMap*) 0x00000000701ea6c0
 Begin Bits: [0x0000000012240000, 0x0000000013208000)
 End Bits:   [0x0000000013208000, 0x00000000141d0000)

Polling page: 0x0000000000210000

CodeCache: size=245760Kb used=12189Kb max_used=12209Kb free=233570Kb
 bounds [0x0000000002460000, 0x0000000003060000, 0x0000000011460000]
 total_blobs=4552 nmethods=3856 adapters=607
 compilation: enabled

Compilation events (10 events):
Event: 36.843 Thread 0x00000000562da800 3848       1       com.sun.javafx.geom.Curve::getDirection (5 bytes)
Event: 36.844 Thread 0x00000000562da800 nmethod 3848 0x0000000003016110 code [0x0000000003016260, 0x0000000003016370]
Event: 36.844 Thread 0x00000000562da800 3845       3       com.sun.javafx.geom.Edge::setEquivalence (6 bytes)
Event: 36.844 Thread 0x00000000562da800 nmethod 3845 0x00000000030163d0 code [0x0000000003016520, 0x0000000003016670]
Event: 36.844 Thread 0x00000000562da800 3856   !   3       com.sun.javafx.geom.Curve::compareTo (997 bytes)
Event: 36.861 Thread 0x00000000562da800 nmethod 3856 0x0000000003016710 code [0x0000000003017560, 0x00000000030218d8]
Event: 36.871 Thread 0x00000000562da800 3859       3       com.sun.prism.impl.BaseGraphics::getResourceFactory (8 bytes)
Event: 36.871 Thread 0x00000000562da800 nmethod 3859 0x000000000302c250 code [0x000000000302c3c0, 0x000000000302c5e8]
Event: 36.873 Thread 0x00000000562da800 3860       3       com.sun.prism.d3d.D3DContext::updateRenderTarget (353 bytes)
Event: 36.881 Thread 0x00000000562da800 nmethod 3860 0x000000000302c690 code [0x000000000302cac0, 0x000000000302f7f8]

GC Heap History (4 events):
Event: 1.091 GC heap before
{Heap before GC invocations=1 (full 0):
 PSYoungGen      total 18944K, used 16384K [0x00000000eaf80000, 0x00000000ec480000, 0x0000000100000000)
  eden space 16384K, 100% used [0x00000000eaf80000,0x00000000ebf80000,0x00000000ebf80000)
  from space 2560K, 0% used [0x00000000ec200000,0x00000000ec200000,0x00000000ec480000)
  to   space 2560K, 0% used [0x00000000ebf80000,0x00000000ebf80000,0x00000000ec200000)
 ParOldGen       total 44032K, used 0K [0x00000000c0e00000, 0x00000000c3900000, 0x00000000eaf80000)
  object space 44032K, 0% used [0x00000000c0e00000,0x00000000c0e00000,0x00000000c3900000)
 Metaspace       used 10720K, capacity 11108K, committed 11264K, reserved 1058816K
  class space    used 1380K, capacity 1496K, committed 1536K, reserved 1048576K
Event: 1.128 GC heap after
Heap after GC invocations=1 (full 0):
 PSYoungGen      total 18944K, used 2544K [0x00000000eaf80000, 0x00000000ed480000, 0x0000000100000000)
  eden space 16384K, 0% used [0x00000000eaf80000,0x00000000eaf80000,0x00000000ebf80000)
  from space 2560K, 99% used [0x00000000ebf80000,0x00000000ec1fc030,0x00000000ec200000)
  to   space 2560K, 0% used [0x00000000ed200000,0x00000000ed200000,0x00000000ed480000)
 ParOldGen       total 44032K, used 687K [0x00000000c0e00000, 0x00000000c3900000, 0x00000000eaf80000)
  object space 44032K, 1% used [0x00000000c0e00000,0x00000000c0eabc98,0x00000000c3900000)
 Metaspace       used 10720K, capacity 11108K, committed 11264K, reserved 1058816K
  class space    used 1380K, capacity 1496K, committed 1536K, reserved 1048576K
}
Event: 2.226 GC heap before
{Heap before GC invocations=2 (full 0):
 PSYoungGen      total 18944K, used 18928K [0x00000000eaf80000, 0x00000000ed480000, 0x0000000100000000)
  eden space 16384K, 100% used [0x00000000eaf80000,0x00000000ebf80000,0x00000000ebf80000)
  from space 2560K, 99% used [0x00000000ebf80000,0x00000000ec1fc030,0x00000000ec200000)
  to   space 2560K, 0% used [0x00000000ed200000,0x00000000ed200000,0x00000000ed480000)
 ParOldGen       total 44032K, used 687K [0x00000000c0e00000, 0x00000000c3900000, 0x00000000eaf80000)
  object space 44032K, 1% used [0x00000000c0e00000,0x00000000c0eabc98,0x00000000c3900000)
 Metaspace       used 15767K, capacity 16338K, committed 16640K, reserved 1062912K
  class space    used 2327K, capacity 2505K, committed 2560K, reserved 1048576K
Event: 2.305 GC heap after
Heap after GC invocations=2 (full 0):
 PSYoungGen      total 35328K, used 2528K [0x00000000eaf80000, 0x00000000ed480000, 0x0000000100000000)
  eden space 32768K, 0% used [0x00000000eaf80000,0x00000000eaf80000,0x00000000ecf80000)
  from space 2560K, 98% used [0x00000000ed200000,0x00000000ed478020,0x00000000ed480000)
  to   space 2560K, 0% used [0x00000000ecf80000,0x00000000ecf80000,0x00000000ed200000)
 ParOldGen       total 44032K, used 4903K [0x00000000c0e00000, 0x00000000c3900000, 0x00000000eaf80000)
  object space 44032K, 11% used [0x00000000c0e00000,0x00000000c12c9e30,0x00000000c3900000)
 Metaspace       used 15767K, capacity 16338K, committed 16640K, reserved 1062912K
  class space    used 2327K, capacity 2505K, committed 2560K, reserved 1048576K
}

Deoptimization events (10 events):
Event: 36.712 Thread 0x00000000566b0800 Uncommon trap: reason=unstable_if action=reinterpret pc=0x0000000002a8ac68 method=javafx.scene.Node.updateLocalToParentTransform()V @ 152
Event: 36.712 Thread 0x00000000566b0800 Uncommon trap: reason=class_check action=maybe_recompile pc=0x0000000002f6ee88 method=javafx.scene.Node.getGeomBounds(Lcom/sun/javafx/geom/BaseBounds;Lcom/sun/javafx/geom/transform/BaseTransform;)Lcom/sun/javafx/geom/BaseBounds; @ 123
Event: 36.714 Thread 0x00000000566b0800 Uncommon trap: reason=unstable_if action=reinterpret pc=0x0000000002cab1ac method=com.sun.javafx.geom.RectBounds.deriveWithNewBounds(FFFFFF)Lcom/sun/javafx/geom/BaseBounds; @ 4
Event: 36.737 Thread 0x00000000566b0800 Uncommon trap: reason=unstable_if action=reinterpret pc=0x0000000002c72efc method=javafx.scene.Scene.addToDirtyList(Ljavafx/scene/Node;)V @ 43
Event: 36.773 Thread 0x000000005667c000 Uncommon trap: reason=unstable_if action=reinterpret pc=0x0000000002f1db14 method=com.sun.javafx.sg.prism.NGRegion.renderContent(Lcom/sun/prism/Graphics;)V @ 75
Event: 36.773 Thread 0x000000005667c000 Uncommon trap: reason=unstable_if action=reinterpret pc=0x0000000002f42398 method=com.sun.prism.impl.ps.BaseShaderGraphics.fillRect(FFFF)V @ 10
Event: 36.775 Thread 0x000000005667c000 Uncommon trap: reason=bimorphic action=maybe_recompile pc=0x0000000002f74cec method=com.sun.javafx.sg.prism.NGShape.renderContent2D(Lcom/sun/prism/Graphics;Z)V @ 54
Event: 36.835 Thread 0x000000005667c000 Uncommon trap: reason=bimorphic action=maybe_recompile pc=0x0000000002f74cec method=com.sun.javafx.sg.prism.NGShape.renderContent2D(Lcom/sun/prism/Graphics;Z)V @ 54
Event: 36.838 Thread 0x000000005667c000 Uncommon trap: reason=bimorphic action=maybe_recompile pc=0x0000000002f74cec method=com.sun.javafx.sg.prism.NGShape.renderContent2D(Lcom/sun/prism/Graphics;Z)V @ 54
Event: 36.852 Thread 0x000000005667c000 Uncommon trap: reason=bimorphic action=maybe_recompile pc=0x0000000002f74cec method=com.sun.javafx.sg.prism.NGShape.renderContent2D(Lcom/sun/prism/Graphics;Z)V @ 54

Internal exceptions (10 events):
Event: 0.326 Thread 0x0000000001f3d800 Exception <a 'java/security/PrivilegedActionException'> (0x00000000eb1fd6f8) thrown at [C:\re\workspace\8-2-build-windows-amd64-cygwin\jdk8u111\7883\hotspot\src\share\vm\prims\jvm.cpp, line 1386]
Event: 0.326 Thread 0x0000000001f3d800 Exception <a 'java/security/PrivilegedActionException'> (0x00000000eb1fd908) thrown at [C:\re\workspace\8-2-build-windows-amd64-cygwin\jdk8u111\7883\hotspot\src\share\vm\prims\jvm.cpp, line 1386]
Event: 0.327 Thread 0x0000000001f3d800 Exception <a 'java/lang/NullPointerException'> (0x00000000eb1fdee0) thrown at [C:\re\workspace\8-2-build-windows-amd64-cygwin\jdk8u111\7883\hotspot\src\share\vm\interpreter\linkResolver.cpp, line 1178]
Event: 0.837 Thread 0x00000000566b0800 Exception <a 'java/lang/NullPointerException'> (0x00000000ebad3700) thrown at [C:\re\workspace\8-2-build-windows-amd64-cygwin\jdk8u111\7883\hotspot\src\share\vm\interpreter\linkResolver.cpp, line 1178]
Event: 0.837 Thread 0x00000000566b0800 Exception <a 'java/lang/NullPointerException'> (0x00000000ebad3700) thrown at [C:\re\workspace\8-2-build-windows-amd64-cygwin\jdk8u111\7883\hotspot\src\share\vm\prims\jvm.cpp, line 1390]
Event: 0.974 Thread 0x00000000566b0800 Exception <a 'java/lang/ArrayIndexOutOfBoundsException'> (0x00000000ebd6d830) thrown at [C:\re\workspace\8-2-build-windows-amd64-cygwin\jdk8u111\7883\hotspot\src\share\vm\runtime\sharedRuntime.cpp, line 605]
Event: 0.975 Thread 0x00000000566b0800 Exception <a 'java/lang/ArrayIndexOutOfBoundsException'> (0x00000000ebd6e530) thrown at [C:\re\workspace\8-2-build-windows-amd64-cygwin\jdk8u111\7883\hotspot\src\share\vm\runtime\sharedRuntime.cpp, line 605]
Event: 0.975 Thread 0x00000000566b0800 Exception <a 'java/lang/ArrayIndexOutOfBoundsException'> (0x00000000ebd6f8d8) thrown at [C:\re\workspace\8-2-build-windows-amd64-cygwin\jdk8u111\7883\hotspot\src\share\vm\runtime\sharedRuntime.cpp, line 605]
Event: 1.514 Thread 0x00000000566b0800 Exception <a 'java/lang/ClassCastException': java.lang.Double cannot be cast to javafx.scene.paint.Paint> (0x00000000eb5da580) thrown at [C:\re\workspace\8-2-build-windows-amd64-cygwin\jdk8u111\7883\hotspot\src\share\vm\interpreter\interpreterRuntime.cpp,
Event: 2.901 Thread 0x00000000566b0800 Implicit null exception at 0x000000000299f327 to 0x000000000299fa7d

Events (10 events):
Event: 36.810 loading class com/sun/scenario/effect/impl/prism/ps/PPSColorAdjustPeer done
Event: 36.835 Thread 0x000000005667c000 Uncommon trap: trap_request=0xffffffc6 fr.pc=0x0000000002f74cec
Event: 36.835 Thread 0x000000005667c000 DEOPT PACKING pc=0x0000000002f74cec sp=0x00000000571fd3d0
Event: 36.835 Thread 0x000000005667c000 DEOPT UNPACKING pc=0x00000000024a582a sp=0x00000000571fd390 mode 2
Event: 36.838 Thread 0x000000005667c000 Uncommon trap: trap_request=0xffffffc6 fr.pc=0x0000000002f74cec
Event: 36.838 Thread 0x000000005667c000 DEOPT PACKING pc=0x0000000002f74cec sp=0x00000000571fd560
Event: 36.838 Thread 0x000000005667c000 DEOPT UNPACKING pc=0x00000000024a582a sp=0x00000000571fd520 mode 2
Event: 36.852 Thread 0x000000005667c000 Uncommon trap: trap_request=0xffffffc6 fr.pc=0x0000000002f74cec
Event: 36.852 Thread 0x000000005667c000 DEOPT PACKING pc=0x0000000002f74cec sp=0x00000000571fd7d0
Event: 36.852 Thread 0x000000005667c000 DEOPT UNPACKING pc=0x00000000024a582a sp=0x00000000571fd790 mode 2


Dynamic libraries:
0x000000013f4e0000 - 0x000000013f517000 	C:\Program Files\Java\jdk1.8.0_111\jre\bin\java.exe
0x0000000077540000 - 0x00000000776eb000 	C:\Windows\SYSTEM32\ntdll.dll
0x0000000077420000 - 0x000000007753f000 	C:\Windows\system32\kernel32.dll
0x000007fefd5f0000 - 0x000007fefd65b000 	C:\Windows\system32\KERNELBASE.dll
0x000007feff5f0000 - 0x000007feff6cb000 	C:\Windows\system32\ADVAPI32.dll
0x000007feff550000 - 0x000007feff5ef000 	C:\Windows\system32\msvcrt.dll
0x000007fefd910000 - 0x000007fefd92f000 	C:\Windows\SYSTEM32\sechost.dll
0x000007fefde30000 - 0x000007fefdf5e000 	C:\Windows\system32\RPCRT4.dll
0x0000000077320000 - 0x000000007741a000 	C:\Windows\system32\USER32.dll
0x000007fefd930000 - 0x000007fefd997000 	C:\Windows\system32\GDI32.dll
0x000007fefdf60000 - 0x000007fefdf6e000 	C:\Windows\system32\LPK.dll
0x000007fefd9a0000 - 0x000007fefda6a000 	C:\Windows\system32\USP10.dll
0x000007fefbcb0000 - 0x000007fefbea4000 	C:\Windows\WinSxS\amd64_microsoft.windows.common-controls_6595b64144ccf1df_6.0.7600.16385_none_fa645303170382f6\COMCTL32.dll
0x000007fefdd30000 - 0x000007fefdda1000 	C:\Windows\system32\SHLWAPI.dll
0x000007fefe790000 - 0x000007fefe7be000 	C:\Windows\system32\IMM32.DLL
0x000007fefdfa0000 - 0x000007fefe0a9000 	C:\Windows\system32\MSCTF.dll
0x00000000725c0000 - 0x0000000072692000 	C:\Program Files\Java\jdk1.8.0_111\jre\bin\msvcr100.dll
0x000000006f9d0000 - 0x000000007026a000 	C:\Program Files\Java\jdk1.8.0_111\jre\bin\server\jvm.dll
0x000007fef7c50000 - 0x000007fef7c59000 	C:\Windows\system32\WSOCK32.dll
0x000007fefe4e0000 - 0x000007fefe52d000 	C:\Windows\system32\WS2_32.dll
0x000007fefdf90000 - 0x000007fefdf98000 	C:\Windows\system32\NSI.dll
0x000007fefb330000 - 0x000007fefb36b000 	C:\Windows\system32\WINMM.dll
0x000007fefc610000 - 0x000007fefc61c000 	C:\Windows\system32\VERSION.dll
0x0000000077710000 - 0x0000000077717000 	C:\Windows\system32\PSAPI.DLL
0x0000000074e70000 - 0x0000000074e7f000 	C:\Program Files\Java\jdk1.8.0_111\jre\bin\verify.dll
0x0000000073b00000 - 0x0000000073b29000 	C:\Program Files\Java\jdk1.8.0_111\jre\bin\java.dll
0x0000000073ae0000 - 0x0000000073af6000 	C:\Program Files\Java\jdk1.8.0_111\jre\bin\zip.dll
0x000007fefe7c0000 - 0x000007feff546000 	C:\Windows\system32\SHELL32.dll
0x000007fefe0b0000 - 0x000007fefe2b1000 	C:\Windows\system32\ole32.dll
0x000007fefd4a0000 - 0x000007fefd4af000 	C:\Windows\system32\profapi.dll
0x000007fee9d20000 - 0x000007fee9e0f000 	C:\Program Files\Java\jdk1.8.0_111\jre\bin\msvcr120.dll
0x000007fef3a00000 - 0x000007fef3aa6000 	C:\Program Files\Java\jdk1.8.0_111\jre\bin\msvcp120.dll
0x0000000062510000 - 0x0000000062532000 	C:\Program Files\Java\jdk1.8.0_111\jre\bin\prism_d3d.dll
0x000007fee13c0000 - 0x000007fee15bf000 	C:\Windows\system32\d3d9.dll
0x000007fefb850000 - 0x000007fefb857000 	C:\Windows\system32\d3d8thk.dll
0x000007fefb3b0000 - 0x000007fefb3c8000 	C:\Windows\system32\dwmapi.dll
0x000007fefbaa0000 - 0x000007fefbaf6000 	C:\Windows\system32\uxtheme.dll
0x000007fedf9c0000 - 0x000007fee13bb000 	C:\Windows\system32\igdumdim64.dll
0x000007fef8460000 - 0x000007fef88ae000 	C:\Windows\system32\igdusc64.dll
0x00000000624c0000 - 0x0000000062503000 	C:\Program Files\Java\jdk1.8.0_111\jre\bin\glass.dll
0x000007fefd870000 - 0x000007fefd908000 	C:\Windows\system32\COMDLG32.dll
0x000007fefdc50000 - 0x000007fefdd27000 	C:\Windows\system32\OLEAUT32.dll
0x0000000069000000 - 0x00000000691d3000 	C:\Program Files (x86)\Stardock\WindowFX\wfx4_64.dll
0x000007fefd3d0000 - 0x000007fefd3df000 	C:\Windows\system32\CRYPTBASE.dll
0x00000000624a0000 - 0x00000000624b4000 	C:\Program Files\Java\jdk1.8.0_111\jre\bin\javafx_font.dll
0x000007feea730000 - 0x000007feea8ab000 	C:\Windows\system32\dwrite.dll
0x000007fefe440000 - 0x000007fefe4d9000 	C:\Windows\system32\CLBCatQ.DLL
0x000007fefb1c0000 - 0x000007fefb2ea000 	C:\Windows\system32\WindowsCodecs.dll
0x000007fefd370000 - 0x000007fefd3c7000 	C:\Windows\system32\apphelp.dll
0x000007fef6a00000 - 0x000007fef6a35000 	C:\Windows\system32\EhStorShell.dll
0x000007fefda70000 - 0x000007fefdc47000 	C:\Windows\system32\SETUPAPI.dll
0x000007fefd7d0000 - 0x000007fefd806000 	C:\Windows\system32\CFGMGR32.dll
0x000007fefd810000 - 0x000007fefd82a000 	C:\Windows\system32\DEVOBJ.dll
0x000007fefc010000 - 0x000007fefc13c000 	C:\Windows\system32\PROPSYS.dll
0x000007fef6980000 - 0x000007fef69fe000 	C:\Windows\System32\cscui.dll
0x000007fef9500000 - 0x000007fef950c000 	C:\Windows\System32\CSCDLL.dll
0x000007fef94f0000 - 0x000007fef94ff000 	C:\Windows\system32\CSCAPI.dll
0x000007fef6880000 - 0x000007fef6900000 	C:\Windows\system32\ntshrui.dll
0x000007fefd0d0000 - 0x000007fefd0f3000 	C:\Windows\system32\srvcli.dll
0x000007fefb780000 - 0x000007fefb78b000 	C:\Windows\system32\slc.dll
0x000007fefb820000 - 0x000007fefb84d000 	C:\Program Files\Common Files\Microsoft Shared\Ink\rtscom.dll
0x0000000062480000 - 0x0000000062491000 	C:\Program Files\Java\jdk1.8.0_111\jre\bin\prism_common.dll
0x000007feebb10000 - 0x000007feebc35000 	C:\Windows\system32\dbghelp.dll

VM Arguments:
jvm_args: -Dfile.encoding=UTF-8 
java_command: D:\DOCUMENTS\MY DOCUMENTS\PROJECTS\NET BEANS\FX Apps\Settings\dist\run1868582599\Settings.jar
java_class_path (initial): D:\DOCUMENTS\MY DOCUMENTS\PROJECTS\NET BEANS\FX Apps\Settings\dist\run1868582599\Settings.jar
Launcher Type: SUN_STANDARD

Environment Variables:
JAVA_HOME=C:\Program Files\Java\jdk1.8.0_111
CLASSPATH=.;.;C:\PROGRA~2\JMF21~1.1E\lib\sound.jar;C:\PROGRA~2\JMF21~1.1E\lib\jmf.jar;C:\PROGRA~2\JMF21~1.1E\lib;
PATH=C:\Windows\system32;C:\Windows;C:\Windows\System32\Wbem;C:\Program Files\MongoDB\Server\3.6\bin;C:\Program Files\Java\jdk1.8.0_111\bin;C:\Program Files\Java\jre1.8.0_111\bin;C:\apache-maven-3.5.3\bin;
USERNAME=akash
OS=Windows_NT
PROCESSOR_IDENTIFIER=Intel64 Family 6 Model 69 Stepping 1, GenuineIntel



---------------  S Y S T E M  ---------------

OS: Windows 7 , 64 bit Build 7600 (6.1.7600.16385)

CPU:total 4 (2 cores per cpu, 2 threads per core) family 6 model 69 stepping 1, cmov, cx8, fxsr, mmx, sse, sse2, sse3, ssse3, sse4.1, sse4.2, popcnt, aes, clmul, erms, lzcnt, ht, tsc, tscinvbit, bmi1, bmi2

Memory: 4k page, physical 4129072k(376072k free), swap 8256244k(3334592k free)

vm_info: Java HotSpot(TM) 64-Bit Server VM (25.111-b14) for windows-amd64 JRE (1.8.0_111-b14), built on Sep 22 2016 19:24:05 by "java_re" with MS VC++ 10.0 (VS2010)

time: Thu Apr 05 20:13:38 2018
elapsed time: 37 seconds (0d 0h 0m 37s)

